
> ado-pull-request@0.0.0 dev
> vite

Port 5173 is in use, trying another one...

  VITE v7.3.1  ready in 171 ms

  ➜  Local:   http://localhost:5174/
  ➜  Network: use --host to expose
  ➜  press h + enter to show help

> ado-pull-request@0.0.0 dev
> vite

Port 5173 is in use, trying another one...
Port 5174 is in use, trying another one...

  VITE v7.3.1  ready in 169 ms

  ➜  Local:   http://localhost:5175/
  ➜  Network: use --host to expose
  ➜  press h + enter to show help

> ado-pull-request@0.0.0 dev
> vite

Port 5173 is in use, trying another one...
Port 5174 is in use, trying another one...
Port 5175 is in use, trying another one...

  VITE v7.3.1  ready in 133 ms

  ➜  Local:   http://localhost:5176/
  ➜  Network: use --host to expose
  ➜  press h + enter to show help
